C:\Users\harshilkansagara\source\repos\Zomato\Zomato\Zomato.Web\App\dist\out-tsc\e2e\src\app.po.js
C:\Users\harshilkansagara\source\repos\Zomato\Zomato\Zomato.Web\App\dist\out-tsc\e2e\src\app.po.js.map
C:\Users\harshilkansagara\source\repos\Zomato\Zomato\Zomato.Web\App\dist\out-tsc\e2e\src\app.e2e-spec.js
C:\Users\harshilkansagara\source\repos\Zomato\Zomato\Zomato.Web\App\dist\out-tsc\e2e\src\app.e2e-spec.js.map
C:\Users\harshilkansagara\source\repos\Zomato\Zomato\Zomato.Web\App\dist\out-tsc\src\app\page-not-found.component.js
C:\Users\harshilkansagara\source\repos\Zomato\Zomato\Zomato.Web\App\dist\out-tsc\src\app\page-not-found.component.js.map
C:\Users\harshilkansagara\source\repos\Zomato\Zomato\Zomato.Web\App\dist\out-tsc\src\app\service\debug.service.js
C:\Users\harshilkansagara\source\repos\Zomato\Zomato\Zomato.Web\App\dist\out-tsc\src\app\service\debug.service.js.map
C:\Users\harshilkansagara\source\repos\Zomato\Zomato\Zomato.Web\App\dist\out-tsc\src\app\model\register.js
C:\Users\harshilkansagara\source\repos\Zomato\Zomato\Zomato.Web\App\dist\out-tsc\src\app\model\register.js.map
C:\Users\harshilkansagara\source\repos\Zomato\Zomato\Zomato.Web\App\dist\out-tsc\src\app\model\login.js
C:\Users\harshilkansagara\source\repos\Zomato\Zomato\Zomato.Web\App\dist\out-tsc\src\app\model\login.js.map
C:\Users\harshilkansagara\source\repos\Zomato\Zomato\Zomato.Web\App\dist\out-tsc\src\app\service\account.service.js
C:\Users\harshilkansagara\source\repos\Zomato\Zomato\Zomato.Web\App\dist\out-tsc\src\app\service\account.service.js.map
C:\Users\harshilkansagara\source\repos\Zomato\Zomato\Zomato.Web\App\dist\out-tsc\src\app\admin\account\register\register.component.js
C:\Users\harshilkansagara\source\repos\Zomato\Zomato\Zomato.Web\App\dist\out-tsc\src\app\admin\account\register\register.component.js.map
C:\Users\harshilkansagara\source\repos\Zomato\Zomato\Zomato.Web\App\dist\out-tsc\src\app\admin\admin.component.js
C:\Users\harshilkansagara\source\repos\Zomato\Zomato\Zomato.Web\App\dist\out-tsc\src\app\admin\admin.component.js.map
C:\Users\harshilkansagara\source\repos\Zomato\Zomato\Zomato.Web\App\dist\out-tsc\src\app\admin\account\login\login.component.js
C:\Users\harshilkansagara\source\repos\Zomato\Zomato\Zomato.Web\App\dist\out-tsc\src\app\admin\account\login\login.component.js.map
C:\Users\harshilkansagara\source\repos\Zomato\Zomato\Zomato.Web\App\dist\out-tsc\src\app\app-routing.module.js
C:\Users\harshilkansagara\source\repos\Zomato\Zomato\Zomato.Web\App\dist\out-tsc\src\app\app-routing.module.js.map
C:\Users\harshilkansagara\source\repos\Zomato\Zomato\Zomato.Web\App\dist\out-tsc\src\app\app.component.js
C:\Users\harshilkansagara\source\repos\Zomato\Zomato\Zomato.Web\App\dist\out-tsc\src\app\app.component.js.map
C:\Users\harshilkansagara\source\repos\Zomato\Zomato\Zomato.Web\App\dist\out-tsc\src\app\app.module.js
C:\Users\harshilkansagara\source\repos\Zomato\Zomato\Zomato.Web\App\dist\out-tsc\src\app\app.module.js.map
C:\Users\harshilkansagara\source\repos\Zomato\Zomato\Zomato.Web\App\dist\out-tsc\src\environments\environment.js
C:\Users\harshilkansagara\source\repos\Zomato\Zomato\Zomato.Web\App\dist\out-tsc\src\environments\environment.js.map
C:\Users\harshilkansagara\source\repos\Zomato\Zomato\Zomato.Web\App\dist\out-tsc\src\main.js
C:\Users\harshilkansagara\source\repos\Zomato\Zomato\Zomato.Web\App\dist\out-tsc\src\main.js.map
C:\Users\harshilkansagara\source\repos\Zomato\Zomato\Zomato.Web\App\dist\out-tsc\src\polyfills.js
C:\Users\harshilkansagara\source\repos\Zomato\Zomato\Zomato.Web\App\dist\out-tsc\src\polyfills.js.map
C:\Users\harshilkansagara\source\repos\Zomato\Zomato\Zomato.Web\App\dist\out-tsc\src\test.js
C:\Users\harshilkansagara\source\repos\Zomato\Zomato\Zomato.Web\App\dist\out-tsc\src\test.js.map
C:\Users\harshilkansagara\source\repos\Zomato\Zomato\Zomato.Web\App\dist\out-tsc\src\app\app.component.spec.js
C:\Users\harshilkansagara\source\repos\Zomato\Zomato\Zomato.Web\App\dist\out-tsc\src\app\app.component.spec.js.map
C:\Users\harshilkansagara\source\repos\Zomato\Zomato\Zomato.Web\App\dist\out-tsc\src\app\account\login\login.component.js
C:\Users\harshilkansagara\source\repos\Zomato\Zomato\Zomato.Web\App\dist\out-tsc\src\app\account\login\login.component.js.map
C:\Users\harshilkansagara\source\repos\Zomato\Zomato\Zomato.Web\App\dist\out-tsc\src\app\account\register\register.component.js
C:\Users\harshilkansagara\source\repos\Zomato\Zomato\Zomato.Web\App\dist\out-tsc\src\app\account\register\register.component.js.map
C:\Users\harshilkansagara\source\repos\Zomato\Zomato\Zomato.Web\App\dist\out-tsc\src\app\restaurant\add-admin\add-restaurant.component.js
C:\Users\harshilkansagara\source\repos\Zomato\Zomato\Zomato.Web\App\dist\out-tsc\src\app\restaurant\add-admin\add-restaurant.component.js.map
C:\Users\harshilkansagara\source\repos\Zomato\Zomato\Zomato.Web\App\dist\out-tsc\src\app\admin\admin.module.js
C:\Users\harshilkansagara\source\repos\Zomato\Zomato\Zomato.Web\App\dist\out-tsc\src\app\admin\admin.module.js.map
C:\Users\harshilkansagara\source\repos\Zomato\Zomato\Zomato.Web\App\dist\out-tsc\src\app\menu\menu.component.js
C:\Users\harshilkansagara\source\repos\Zomato\Zomato\Zomato.Web\App\dist\out-tsc\src\app\menu\menu.component.js.map
C:\Users\harshilkansagara\source\repos\Zomato\Zomato\Zomato.Web\App\dist\out-tsc\src\app\order\order.component.js
C:\Users\harshilkansagara\source\repos\Zomato\Zomato\Zomato.Web\App\dist\out-tsc\src\app\order\order.component.js.map
C:\Users\harshilkansagara\source\repos\Zomato\Zomato\Zomato.Web\App\dist\out-tsc\src\app\restaurant\restaurant.component.js
C:\Users\harshilkansagara\source\repos\Zomato\Zomato\Zomato.Web\App\dist\out-tsc\src\app\restaurant\restaurant.component.js.map
C:\Users\harshilkansagara\source\repos\Zomato\Zomato\Zomato.Web\App\dist\out-tsc\src\app\restaurant\list-admin\list-restaurant.component.js
C:\Users\harshilkansagara\source\repos\Zomato\Zomato\Zomato.Web\App\dist\out-tsc\src\app\restaurant\list-admin\list-restaurant.component.js.map
C:\Users\harshilkansagara\source\repos\Zomato\Zomato\Zomato.Web\App\dist\out-tsc\src\app\restaurant\restaurant.module.js
C:\Users\harshilkansagara\source\repos\Zomato\Zomato\Zomato.Web\App\dist\out-tsc\src\app\restaurant\restaurant.module.js.map
C:\Users\harshilkansagara\source\repos\Zomato\Zomato\Zomato.Web\App\dist\out-tsc\src\app\review\review.component.js
C:\Users\harshilkansagara\source\repos\Zomato\Zomato\Zomato.Web\App\dist\out-tsc\src\app\review\review.component.js.map
C:\Users\harshilkansagara\source\repos\Zomato\Zomato\Zomato.Web\App\dist\out-tsc\src\app\user\user.component.js
C:\Users\harshilkansagara\source\repos\Zomato\Zomato\Zomato.Web\App\dist\out-tsc\src\app\user\user.component.js.map
C:\Users\harshilkansagara\source\repos\Zomato\Zomato\Zomato.Web\App\dist\out-tsc\src\environments\environment.prod.js
C:\Users\harshilkansagara\source\repos\Zomato\Zomato\Zomato.Web\App\dist\out-tsc\src\environments\environment.prod.js.map
